Arguments: 
  C:\Program Files\nodejs\node.exe C:\Users\mizap\AppData\Roaming\npm\node_modules\yarn\bin\yarn.js start

PATH: 
  C:\Program Files\Git\mingw64\bin;C:\Program Files\Git\usr\bin;C:\Users\mizap\bin;C:\Program Files (x86)\Intel\iCLS Client;C:\Program Files\Intel\iCLS Client;C:\Windows\system32;C:\Windows;C:\Windows\System32\Wbem;C:\Windows\System32\WindowsPowerShell\v1.0;C:\Program Files (x86)\NVIDIA Corporation\PhysX\Common;C:\WINDOWS\system32;C:\WINDOWS;C:\WINDOWS\System32\Wbem;C:\WINDOWS\System32\WindowsPowerShell\v1.0;C:\Program Files (x86)\Intel\Intel(R) Management Engine Components\DAL;C:\Program Files\Intel\Intel(R) Management Engine Components\DAL;C:\Program Files (x86)\Intel\Intel(R) Management Engine Components\IPT;C:\Program Files\Intel\Intel(R) Management Engine Components\IPT;C:\Program Files (x86)\Skype\Phone;C:\Program Files\Git\cmd;C:\Program Files\nodejs;C:\Program Files\MongoDB\Server\3.6\bin;C:\MAMP\bin\php\php7.1.5;C:\ProgramData\ComposerSetup\bin;C:\Users\mizap\AppData\Local\Microsoft\WindowsApps;C:\Users\mizap\AppData\Local\atom\bin;C:\Users\mizap\AppData\Local\Microsoft\WindowsApps;C:\Program Files\Heroku\bin;C:\Program Files\Microsoft VS Code\bin;C:\Users\mizap\AppData\Roaming\npm;C:\Program Files\MongoDB\Server\3.6\bin;C:\MAMP\bin\php\php7.1.5;C:\Users\mizap\AppData\Roaming\Composer\vendor\bin

Yarn version: 
  1.5.1

Node version: 
  8.9.4

Platform: 
  win32 x64

npm manifest: 
  {
    "name": "p2",
    "version": "1.0.0",
    "description": "",
    "main": "server.js",
    "scripts": {
      "server": "node server.js",
      "client": "node scripts/start-client.js",
      "start": "concurrently \"nodemon server.js\" \"npm run client\"",
      "build": "node scripts/build.js",
      "test": "echo \"Error: no test specified\" && exit 1"
    },
    "repository": {
      "type": "git",
      "url": "git+https://github.com/eggobiggie/p2.git"
    },
    "author": "",
    "license": "ISC",
    "bugs": {
      "url": "https://github.com/eggobiggie/p2/issues"
    },
    "homepage": "https://github.com/eggobiggie/p2#readme",
    "dependencies": {
      "express": "^4.16.3",
      "mongoose": "^5.0.15"
    },
    "devDependencies": {
      "concurrently": "^3.5.1",
      "nodemon": "^1.17.3"
    }
  }

yarn manifest: 
  No manifest

Lockfile: 
  No lockfile

Trace: 
  Error: Command failed.
  Exit code: 3221225786
  Command: C:\WINDOWS\system32\cmd.exe
  Arguments: /d /s /c concurrently "nodemon server.js" "npm run client"
  Directory: C:\Users\mizap\Desktop\p2
  Output:
  
      at ProcessTermError.MessageError (C:\Users\mizap\AppData\Roaming\npm\node_modules\yarn\lib\cli.js:186:110)
      at new ProcessTermError (C:\Users\mizap\AppData\Roaming\npm\node_modules\yarn\lib\cli.js:226:113)
      at ChildProcess.<anonymous> (C:\Users\mizap\AppData\Roaming\npm\node_modules\yarn\lib\cli.js:30281:17)
      at emitTwo (events.js:126:13)
      at ChildProcess.emit (events.js:214:7)
      at maybeClose (internal/child_process.js:925:16)
      at Process.ChildProcess._handle.onexit (internal/child_process.js:209:5)
